<?xml version="1.0" encoding="UTF-8"?>
<testng-results skipped="0" failed="0" total="10" passed="10">
  <reporter-output>
  </reporter-output>
  <suite name="Default suite" duration-ms="5253" started-at="2018-05-06T23:48:14Z" finished-at="2018-05-06T23:48:19Z">
    <groups>
    </groups>
    <test name="Default test" duration-ms="5253" started-at="2018-05-06T23:48:14Z" finished-at="2018-05-06T23:48:19Z">
      <class name="iSimpleMaven.iAAFirstTestNG">
        <test-method status="PASS" signature="beforeSuite()[pri:0, instance:iSimpleMaven.iAAFirstTestNG@3ffc5af1]" name="beforeSuite" is-config="true" duration-ms="7" started-at="2018-05-06T19:48:14Z" finished-at="2018-05-06T19:48:14Z">
          <reporter-output>
          </reporter-output>
        </test-method> <!-- beforeSuite -->
        <test-method status="PASS" signature="beforeTest()[pri:0, instance:iSimpleMaven.iAAFirstTestNG@3ffc5af1]" name="beforeTest" is-config="true" duration-ms="2643" started-at="2018-05-06T19:48:14Z" finished-at="2018-05-06T19:48:17Z">
          <reporter-output>
          </reporter-output>
        </test-method> <!-- beforeTest -->
        <test-method status="PASS" signature="beforeClass()[pri:0, instance:iSimpleMaven.iAAFirstTestNG@3ffc5af1]" name="beforeClass" is-config="true" duration-ms="0" started-at="2018-05-06T19:48:17Z" finished-at="2018-05-06T19:48:17Z">
          <reporter-output>
          </reporter-output>
        </test-method> <!-- beforeClass -->
        <test-method status="PASS" signature="SampleTestScript7()[pri:0, instance:iSimpleMaven.iAAFirstTestNG@3ffc5af1]" name="SampleTestScript7" duration-ms="477" started-at="2018-05-06T19:48:17Z" description="This Test Executes 7 Times" finished-at="2018-05-06T19:48:17Z">
          <reporter-output>
          </reporter-output>
        </test-method> <!-- SampleTestScript7 -->
        <test-method status="PASS" signature="beforeMethod()[pri:0, instance:iSimpleMaven.iAAFirstTestNG@3ffc5af1]" name="beforeMethod" is-config="true" duration-ms="0" started-at="2018-05-06T19:48:17Z" finished-at="2018-05-06T19:48:17Z">
          <reporter-output>
          </reporter-output>
        </test-method> <!-- beforeMethod -->
        <test-method status="PASS" signature="beforeMethod()[pri:0, instance:iSimpleMaven.iAAFirstTestNG@3ffc5af1]" name="beforeMethod" is-config="true" duration-ms="4" started-at="2018-05-06T19:48:17Z" finished-at="2018-05-06T19:48:17Z">
          <reporter-output>
          </reporter-output>
        </test-method> <!-- beforeMethod -->
        <test-method status="PASS" signature="afterMethod()[pri:0, instance:iSimpleMaven.iAAFirstTestNG@3ffc5af1]" name="afterMethod" is-config="true" duration-ms="0" started-at="2018-05-06T19:48:17Z" finished-at="2018-05-06T19:48:17Z">
          <reporter-output>
          </reporter-output>
        </test-method> <!-- afterMethod -->
        <test-method status="PASS" signature="SampleTestScript7()[pri:0, instance:iSimpleMaven.iAAFirstTestNG@3ffc5af1]" name="SampleTestScript7" duration-ms="281" started-at="2018-05-06T19:48:17Z" description="This Test Executes 7 Times" finished-at="2018-05-06T19:48:17Z">
          <reporter-output>
          </reporter-output>
        </test-method> <!-- SampleTestScript7 -->
        <test-method status="PASS" signature="SampleTestScript7()[pri:0, instance:iSimpleMaven.iAAFirstTestNG@3ffc5af1]" name="SampleTestScript7" duration-ms="256" started-at="2018-05-06T19:48:17Z" description="This Test Executes 7 Times" finished-at="2018-05-06T19:48:18Z">
          <reporter-output>
          </reporter-output>
        </test-method> <!-- SampleTestScript7 -->
        <test-method status="PASS" signature="afterMethod()[pri:0, instance:iSimpleMaven.iAAFirstTestNG@3ffc5af1]" name="afterMethod" is-config="true" duration-ms="0" started-at="2018-05-06T19:48:17Z" finished-at="2018-05-06T19:48:17Z">
          <reporter-output>
          </reporter-output>
        </test-method> <!-- afterMethod -->
        <test-method status="PASS" signature="beforeMethod()[pri:0, instance:iSimpleMaven.iAAFirstTestNG@3ffc5af1]" name="beforeMethod" is-config="true" duration-ms="0" started-at="2018-05-06T19:48:17Z" finished-at="2018-05-06T19:48:17Z">
          <reporter-output>
          </reporter-output>
        </test-method> <!-- beforeMethod -->
        <test-method status="PASS" signature="afterMethod()[pri:0, instance:iSimpleMaven.iAAFirstTestNG@3ffc5af1]" name="afterMethod" is-config="true" duration-ms="0" started-at="2018-05-06T19:48:18Z" finished-at="2018-05-06T19:48:18Z">
          <reporter-output>
          </reporter-output>
        </test-method> <!-- afterMethod -->
        <test-method status="PASS" signature="beforeMethod()[pri:0, instance:iSimpleMaven.iAAFirstTestNG@3ffc5af1]" name="beforeMethod" is-config="true" duration-ms="1" started-at="2018-05-06T19:48:18Z" finished-at="2018-05-06T19:48:18Z">
          <reporter-output>
          </reporter-output>
        </test-method> <!-- beforeMethod -->
        <test-method status="PASS" signature="SampleTestScript7()[pri:0, instance:iSimpleMaven.iAAFirstTestNG@3ffc5af1]" name="SampleTestScript7" duration-ms="288" started-at="2018-05-06T19:48:18Z" description="This Test Executes 7 Times" finished-at="2018-05-06T19:48:18Z">
          <reporter-output>
          </reporter-output>
        </test-method> <!-- SampleTestScript7 -->
        <test-method status="PASS" signature="beforeMethod()[pri:0, instance:iSimpleMaven.iAAFirstTestNG@3ffc5af1]" name="beforeMethod" is-config="true" duration-ms="0" started-at="2018-05-06T19:48:18Z" finished-at="2018-05-06T19:48:18Z">
          <reporter-output>
          </reporter-output>
        </test-method> <!-- beforeMethod -->
        <test-method status="PASS" signature="afterMethod()[pri:0, instance:iSimpleMaven.iAAFirstTestNG@3ffc5af1]" name="afterMethod" is-config="true" duration-ms="0" started-at="2018-05-06T19:48:18Z" finished-at="2018-05-06T19:48:18Z">
          <reporter-output>
          </reporter-output>
        </test-method> <!-- afterMethod -->
        <test-method status="PASS" signature="SampleTestScript7()[pri:0, instance:iSimpleMaven.iAAFirstTestNG@3ffc5af1]" name="SampleTestScript7" duration-ms="240" started-at="2018-05-06T19:48:18Z" description="This Test Executes 7 Times" finished-at="2018-05-06T19:48:18Z">
          <reporter-output>
          </reporter-output>
        </test-method> <!-- SampleTestScript7 -->
        <test-method status="PASS" signature="afterMethod()[pri:0, instance:iSimpleMaven.iAAFirstTestNG@3ffc5af1]" name="afterMethod" is-config="true" duration-ms="1" started-at="2018-05-06T19:48:18Z" finished-at="2018-05-06T19:48:18Z">
          <reporter-output>
          </reporter-output>
        </test-method> <!-- afterMethod -->
        <test-method status="PASS" signature="beforeMethod()[pri:0, instance:iSimpleMaven.iAAFirstTestNG@3ffc5af1]" name="beforeMethod" is-config="true" duration-ms="0" started-at="2018-05-06T19:48:18Z" finished-at="2018-05-06T19:48:18Z">
          <reporter-output>
          </reporter-output>
        </test-method> <!-- beforeMethod -->
        <test-method status="PASS" signature="SampleTestScript7()[pri:0, instance:iSimpleMaven.iAAFirstTestNG@3ffc5af1]" name="SampleTestScript7" duration-ms="232" started-at="2018-05-06T19:48:18Z" description="This Test Executes 7 Times" finished-at="2018-05-06T19:48:18Z">
          <reporter-output>
          </reporter-output>
        </test-method> <!-- SampleTestScript7 -->
        <test-method status="PASS" signature="afterMethod()[pri:0, instance:iSimpleMaven.iAAFirstTestNG@3ffc5af1]" name="afterMethod" is-config="true" duration-ms="1" started-at="2018-05-06T19:48:18Z" finished-at="2018-05-06T19:48:18Z">
          <reporter-output>
          </reporter-output>
        </test-method> <!-- afterMethod -->
        <test-method status="PASS" signature="SampleTestScript7()[pri:0, instance:iSimpleMaven.iAAFirstTestNG@3ffc5af1]" name="SampleTestScript7" duration-ms="227" started-at="2018-05-06T19:48:18Z" description="This Test Executes 7 Times" finished-at="2018-05-06T19:48:19Z">
          <reporter-output>
          </reporter-output>
        </test-method> <!-- SampleTestScript7 -->
        <test-method status="PASS" signature="beforeMethod()[pri:0, instance:iSimpleMaven.iAAFirstTestNG@3ffc5af1]" name="beforeMethod" is-config="true" duration-ms="0" started-at="2018-05-06T19:48:18Z" finished-at="2018-05-06T19:48:18Z">
          <reporter-output>
          </reporter-output>
        </test-method> <!-- beforeMethod -->
        <test-method status="PASS" signature="afterMethod()[pri:0, instance:iSimpleMaven.iAAFirstTestNG@3ffc5af1]" name="afterMethod" is-config="true" duration-ms="1" started-at="2018-05-06T19:48:19Z" finished-at="2018-05-06T19:48:19Z">
          <reporter-output>
          </reporter-output>
        </test-method> <!-- afterMethod -->
        <test-method status="PASS" signature="beforeMethod()[pri:0, instance:iSimpleMaven.iAAFirstTestNG@3ffc5af1]" name="beforeMethod" is-config="true" duration-ms="0" started-at="2018-05-06T19:48:19Z" finished-at="2018-05-06T19:48:19Z">
          <reporter-output>
          </reporter-output>
        </test-method> <!-- beforeMethod -->
        <test-method status="PASS" signature="SampleTestScript5()[pri:1, instance:iSimpleMaven.iAAFirstTestNG@3ffc5af1]" name="SampleTestScript5" duration-ms="0" started-at="2018-05-06T19:48:19Z" finished-at="2018-05-06T19:48:19Z">
          <reporter-output>
          </reporter-output>
        </test-method> <!-- SampleTestScript5 -->
        <test-method status="PASS" signature="afterMethod()[pri:0, instance:iSimpleMaven.iAAFirstTestNG@3ffc5af1]" name="afterMethod" is-config="true" duration-ms="0" started-at="2018-05-06T19:48:19Z" finished-at="2018-05-06T19:48:19Z">
          <reporter-output>
          </reporter-output>
        </test-method> <!-- afterMethod -->
        <test-method status="PASS" signature="SampleTestScript1()[pri:2, instance:iSimpleMaven.iAAFirstTestNG@3ffc5af1]" name="SampleTestScript1" duration-ms="3" started-at="2018-05-06T19:48:19Z" finished-at="2018-05-06T19:48:19Z">
          <reporter-output>
          </reporter-output>
        </test-method> <!-- SampleTestScript1 -->
        <test-method status="PASS" signature="beforeMethod()[pri:0, instance:iSimpleMaven.iAAFirstTestNG@3ffc5af1]" name="beforeMethod" is-config="true" duration-ms="0" started-at="2018-05-06T19:48:19Z" finished-at="2018-05-06T19:48:19Z">
          <reporter-output>
          </reporter-output>
        </test-method> <!-- beforeMethod -->
        <test-method status="PASS" signature="afterMethod()[pri:0, instance:iSimpleMaven.iAAFirstTestNG@3ffc5af1]" name="afterMethod" is-config="true" duration-ms="2" started-at="2018-05-06T19:48:19Z" finished-at="2018-05-06T19:48:19Z">
          <reporter-output>
          </reporter-output>
        </test-method> <!-- afterMethod -->
        <test-method status="PASS" signature="beforeMethod()[pri:0, instance:iSimpleMaven.iAAFirstTestNG@3ffc5af1]" name="beforeMethod" is-config="true" duration-ms="0" started-at="2018-05-06T19:48:19Z" finished-at="2018-05-06T19:48:19Z">
          <reporter-output>
          </reporter-output>
        </test-method> <!-- beforeMethod -->
        <test-method status="PASS" signature="SampleTestScript3()[pri:3, instance:iSimpleMaven.iAAFirstTestNG@3ffc5af1]" name="SampleTestScript3" duration-ms="1" started-at="2018-05-06T19:48:19Z" finished-at="2018-05-06T19:48:19Z">
          <reporter-output>
          </reporter-output>
        </test-method> <!-- SampleTestScript3 -->
        <test-method status="PASS" signature="afterMethod()[pri:0, instance:iSimpleMaven.iAAFirstTestNG@3ffc5af1]" name="afterMethod" is-config="true" duration-ms="0" started-at="2018-05-06T19:48:19Z" finished-at="2018-05-06T19:48:19Z">
          <reporter-output>
          </reporter-output>
        </test-method> <!-- afterMethod -->
        <test-method status="PASS" signature="afterClass()[pri:0, instance:iSimpleMaven.iAAFirstTestNG@3ffc5af1]" name="afterClass" is-config="true" duration-ms="0" started-at="2018-05-06T19:48:19Z" finished-at="2018-05-06T19:48:19Z">
          <reporter-output>
          </reporter-output>
        </test-method> <!-- afterClass -->
        <test-method status="PASS" signature="afterTest()[pri:0, instance:iSimpleMaven.iAAFirstTestNG@3ffc5af1]" name="afterTest" is-config="true" duration-ms="573" started-at="2018-05-06T19:48:19Z" finished-at="2018-05-06T19:48:19Z">
          <reporter-output>
          </reporter-output>
        </test-method> <!-- afterTest -->
        <test-method status="PASS" signature="afterSuite()[pri:0, instance:iSimpleMaven.iAAFirstTestNG@3ffc5af1]" name="afterSuite" is-config="true" duration-ms="0" started-at="2018-05-06T19:48:19Z" finished-at="2018-05-06T19:48:19Z">
          <reporter-output>
          </reporter-output>
        </test-method> <!-- afterSuite -->
      </class> <!-- iSimpleMaven.iAAFirstTestNG -->
    </test> <!-- Default test -->
  </suite> <!-- Default suite -->
</testng-results>
